<?xml version="1.0" encoding="UTF-8"?>
<robot generator="Robot 7.3 (Python 3.12.2 on darwin)" generated="2025-06-16T22:47:04.490664" rpa="false" schemaversion="5">
<suite id="s1" name="Tests" source="/Users/haniapn/Documents/LEARNING/ROBOT FRAMEWORK/ecommerce/tests">
<suite id="s1-s1" name="Checkout Test" source="/Users/haniapn/Documents/LEARNING/ROBOT FRAMEWORK/ecommerce/tests/checkout_test.robot">
<kw name="Login to Application" owner="login_keywords" type="SETUP">
<kw name="Open Browser" owner="SeleniumLibrary">
<msg time="2025-06-16T22:47:04.607621" level="INFO">Opening browser 'chrome' to base url 'https://qa-practice.netlify.app/auth_ecommerce'.</msg>
<arg>${LOGIN_URL}</arg>
<arg>chrome</arg>
<doc>Opens a new browser instance to the optional ``url``.</doc>
<status status="PASS" start="2025-06-16T22:47:04.607506" elapsed="18.980575"/>
</kw>
<kw name="Maximize Browser Window" owner="SeleniumLibrary">
<doc>Maximizes current browser window.</doc>
<status status="PASS" start="2025-06-16T22:47:23.590145" elapsed="0.317720"/>
</kw>
<kw name="Input Text" owner="SeleniumLibrary">
<msg time="2025-06-16T22:47:23.908749" level="INFO">Typing text 'admin@admin.com' into text field 'id=email'.</msg>
<arg>id=email</arg>
<arg>${EMAIL}</arg>
<doc>Types the given ``text`` into the text field identified by ``locator``.</doc>
<status status="PASS" start="2025-06-16T22:47:23.908058" elapsed="0.132085"/>
</kw>
<kw name="Input Text" owner="SeleniumLibrary">
<msg time="2025-06-16T22:47:24.040425" level="INFO">Typing text 'admin123' into text field 'id=password'.</msg>
<arg>id=password</arg>
<arg>${PASSWORD}</arg>
<doc>Types the given ``text`` into the text field identified by ``locator``.</doc>
<status status="PASS" start="2025-06-16T22:47:24.040267" elapsed="0.036790"/>
</kw>
<kw name="Click Button" owner="SeleniumLibrary">
<msg time="2025-06-16T22:47:24.077353" level="INFO">Clicking button 'id=submitLoginBtn'.</msg>
<arg>id=submitLoginBtn</arg>
<doc>Clicks the button identified by ``locator``.</doc>
<status status="PASS" start="2025-06-16T22:47:24.077204" elapsed="0.039288"/>
</kw>
<kw name="Wait Until Page Contains Element" owner="SeleniumLibrary">
<arg>id=prooood</arg>
<doc>Waits until the element ``locator`` appears on the current page.</doc>
<status status="PASS" start="2025-06-16T22:47:24.116633" elapsed="0.012114"/>
</kw>
<status status="PASS" start="2025-06-16T22:47:04.607132" elapsed="19.521723"/>
</kw>
<test id="s1-s1-t1" name="Checkout With Random Product" line="9">
<kw name="Pick Random Product And Add To Cart" owner="checkout_keywords">
<kw name="Get WebElements" owner="SeleniumLibrary">
<msg time="2025-06-16T22:47:24.137978" level="INFO">${shop_items} = [&lt;selenium.webdriver.remote.webelement.WebElement (session="ee3ec8ea2f62c697a9a76f77161b0746", element="f.2E8AFD14F8BCB4721FCA4A239613FEC2.d.F94ABB9B9219BC23774D4C3B26E1A4EE.e.37")&gt;, &lt;selenium.webdriv...</msg>
<var>${shop_items}</var>
<arg>xpath=//div[contains(@class, 'shop-item')]</arg>
<doc>Returns a list of WebElement objects matching the ``locator``.</doc>
<status status="PASS" start="2025-06-16T22:47:24.129836" elapsed="0.008248"/>
</kw>
<kw name="Get Length" owner="BuiltIn">
<msg time="2025-06-16T22:47:24.138425" level="INFO">Length is 11.</msg>
<msg time="2025-06-16T22:47:24.138467" level="INFO">${total} = 11</msg>
<var>${total}</var>
<arg>${shop_items}</arg>
<doc>Returns and logs the length of the given item as an integer.</doc>
<status status="PASS" start="2025-06-16T22:47:24.138266" elapsed="0.000213"/>
</kw>
<kw name="Evaluate" owner="BuiltIn">
<msg time="2025-06-16T22:47:24.138824" level="INFO">${RANDOM INDEX} = 10</msg>
<var>${RANDOM INDEX}</var>
<arg>random.randint(0, ${total} - 1)</arg>
<arg>modules=random</arg>
<doc>Evaluates the given expression in Python and returns the result.</doc>
<status status="PASS" start="2025-06-16T22:47:24.138545" elapsed="0.000292"/>
</kw>
<kw name="Set Variable" owner="BuiltIn">
<msg time="2025-06-16T22:47:24.139503" level="INFO">${title_xpath} = (//div[contains(@class,'shop-item')])[11]//span[@class='shop-item-title']</msg>
<var>${title_xpath}</var>
<arg>(//div[contains(@class,'shop-item')])[${RANDOM INDEX + 1}]//span[@class='shop-item-title']</arg>
<doc>Returns the given values which can then be assigned to a variables.</doc>
<status status="PASS" start="2025-06-16T22:47:24.138947" elapsed="0.000575"/>
</kw>
<kw name="Get WebElement" owner="SeleniumLibrary">
<msg time="2025-06-16T22:47:24.303509" level="INFO" html="true">&lt;/td&gt;&lt;/tr&gt;&lt;tr&gt;&lt;td colspan="3"&gt;&lt;a href="selenium-screenshot-1.png"&gt;&lt;img src="selenium-screenshot-1.png" width="800px"&gt;&lt;/a&gt;</msg>
<msg time="2025-06-16T22:47:24.303637" level="FAIL">Element with locator 'xpath=(//div[contains(@class,'shop-item')])[11]//span[@class='shop-item-title']' not found.</msg>
<var>${title_element}</var>
<arg>xpath=${title_xpath}</arg>
<doc>Returns the first WebElement matching the given ``locator``.</doc>
<status status="FAIL" start="2025-06-16T22:47:24.139590" elapsed="0.167566">Element with locator 'xpath=(//div[contains(@class,'shop-item')])[11]//span[@class='shop-item-title']' not found.</status>
</kw>
<kw name="Get Text" owner="SeleniumLibrary">
<var>${product_title}</var>
<arg>${title_element}</arg>
<doc>Returns the text value of the element identified by ``locator``.</doc>
<status status="NOT RUN" start="2025-06-16T22:47:24.307258" elapsed="0.000020"/>
</kw>
<kw name="Set Suite Variable" owner="BuiltIn">
<arg>${PRODUCT_TITLE}</arg>
<arg>${product_title}</arg>
<doc>Makes a variable available everywhere within the scope of the current suite.</doc>
<status status="NOT RUN" start="2025-06-16T22:47:24.307337" elapsed="0.000012"/>
</kw>
<kw name="Log To Console" owner="BuiltIn">
<arg>\n&gt;&gt;&gt; Produk yang dipilih: ${PRODUCT_TITLE}</arg>
<doc>Logs the given message to the console.</doc>
<status status="NOT RUN" start="2025-06-16T22:47:24.307388" elapsed="0.000009"/>
</kw>
<kw name="Get WebElement" owner="SeleniumLibrary">
<var>${add_button}</var>
<arg>xpath=(//div[contains(@class,'shop-item')])[${RANDOM INDEX + 1}]//button[contains(@class, 'shop-item-button')]</arg>
<doc>Returns the first WebElement matching the given ``locator``.</doc>
<status status="NOT RUN" start="2025-06-16T22:47:24.307434" elapsed="0.000009"/>
</kw>
<kw name="Click Element" owner="SeleniumLibrary">
<arg>${add_button}</arg>
<doc>Click the element identified by ``locator``.</doc>
<status status="NOT RUN" start="2025-06-16T22:47:24.307479" elapsed="0.000010"/>
</kw>
<status status="FAIL" start="2025-06-16T22:47:24.129650" elapsed="0.177908">Element with locator 'xpath=(//div[contains(@class,'shop-item')])[11]//span[@class='shop-item-title']' not found.</status>
</kw>
<kw name="Verify Product Added To Cart" owner="checkout_keywords">
<status status="NOT RUN" start="2025-06-16T22:47:24.307811" elapsed="0.000018"/>
</kw>
<kw name="Proceed To Checkout" owner="checkout_keywords">
<status status="NOT RUN" start="2025-06-16T22:47:24.307894" elapsed="0.000013"/>
</kw>
<kw name="Filling Shipping Address" owner="checkout_keywords">
<status status="NOT RUN" start="2025-06-16T22:47:24.307967" elapsed="0.000012"/>
</kw>
<kw name="Submit Checkout" owner="checkout_keywords">
<status status="NOT RUN" start="2025-06-16T22:47:24.308028" elapsed="0.000010"/>
</kw>
<kw name="Verify Checkout Success" owner="checkout_keywords">
<status status="NOT RUN" start="2025-06-16T22:47:24.308089" elapsed="0.000011"/>
</kw>
<doc>This test case adds a random product to the cart and proceeds to checkout.</doc>
<status status="FAIL" start="2025-06-16T22:47:24.128950" elapsed="0.179231">Element with locator 'xpath=(//div[contains(@class,'shop-item')])[11]//span[@class='shop-item-title']' not found.</status>
</test>
<kw name="Close Browser" owner="SeleniumLibrary" type="TEARDOWN">
<doc>Closes the current browser.</doc>
<status status="PASS" start="2025-06-16T22:47:24.308446" elapsed="0.081081"/>
</kw>
<status status="FAIL" start="2025-06-16T22:47:04.500067" elapsed="19.889512"/>
</suite>
<suite id="s1-s2" name="Login Test" source="/Users/haniapn/Documents/LEARNING/ROBOT FRAMEWORK/ecommerce/tests/login_test.robot">
<kw name="Open Browser To Login Page" owner="login_keywords" type="SETUP">
<kw name="Open Browser" owner="SeleniumLibrary">
<msg time="2025-06-16T22:47:24.391498" level="INFO">Opening browser 'chrome' to base url 'https://qa-practice.netlify.app/auth_ecommerce'.</msg>
<arg>${LOGINURL}</arg>
<arg>chrome</arg>
<doc>Opens a new browser instance to the optional ``url``.</doc>
<status status="PASS" start="2025-06-16T22:47:24.391391" elapsed="1.720856"/>
</kw>
<kw name="Maximize Browser Window" owner="SeleniumLibrary">
<doc>Maximizes current browser window.</doc>
<status status="PASS" start="2025-06-16T22:47:26.112902" elapsed="8.405366"/>
</kw>
<status status="PASS" start="2025-06-16T22:47:24.391252" elapsed="10.127274"/>
</kw>
<test id="s1-s2-t1" name="Login With Valid Credentials" line="8">
<kw name="Wait Until Page Contains Element" owner="SeleniumLibrary">
<arg>id=loginSection</arg>
<doc>Waits until the element ``locator`` appears on the current page.</doc>
<status status="PASS" start="2025-06-16T22:47:34.519797" elapsed="0.013721"/>
</kw>
<kw name="Input Login Credentials" owner="login_keywords">
<kw name="Input Text" owner="SeleniumLibrary">
<msg time="2025-06-16T22:47:34.534431" level="INFO">Typing text 'admin@admin.com' into text field 'id=email'.</msg>
<arg>id=email</arg>
<arg>${EMAIL}</arg>
<doc>Types the given ``text`` into the text field identified by ``locator``.</doc>
<status status="PASS" start="2025-06-16T22:47:34.534168" elapsed="0.129782"/>
</kw>
<kw name="Input Text" owner="SeleniumLibrary">
<msg time="2025-06-16T22:47:34.664223" level="INFO">Typing text 'admin123' into text field 'id=password'.</msg>
<arg>id=password</arg>
<arg>${PASSWORD}</arg>
<doc>Types the given ``text`` into the text field identified by ``locator``.</doc>
<status status="PASS" start="2025-06-16T22:47:34.664066" elapsed="0.036693"/>
</kw>
<status status="PASS" start="2025-06-16T22:47:34.533852" elapsed="0.166976"/>
</kw>
<kw name="Submit Form" owner="login_keywords">
<kw name="Click Button" owner="SeleniumLibrary">
<msg time="2025-06-16T22:47:34.701213" level="INFO">Clicking button 'id=submitLoginBtn'.</msg>
<arg>id=submitLoginBtn</arg>
<doc>Clicks the button identified by ``locator``.</doc>
<status status="PASS" start="2025-06-16T22:47:34.701113" elapsed="0.046741"/>
</kw>
<status status="PASS" start="2025-06-16T22:47:34.700972" elapsed="0.046979"/>
</kw>
<kw name="Page Should Contain" owner="SeleniumLibrary">
<msg time="2025-06-16T22:47:34.755796" level="INFO">Current page contains text 'SHOPPING CART'.</msg>
<arg>SHOPPING CART</arg>
<doc>Verifies that current page contains ``text``.</doc>
<status status="PASS" start="2025-06-16T22:47:34.748069" elapsed="0.007800"/>
</kw>
<kw name="Click Element" owner="SeleniumLibrary">
<msg time="2025-06-16T22:47:34.756428" level="INFO">Clicking element 'xpath=//a[@id="logout"]'.</msg>
<arg>xpath=//a[@id="logout"]</arg>
<doc>Click the element identified by ``locator``.</doc>
<status status="PASS" start="2025-06-16T22:47:34.756221" elapsed="0.538871"/>
</kw>
<kw name="Wait Until Page Contains Element" owner="SeleniumLibrary">
<arg>id=loginSection</arg>
<doc>Waits until the element ``locator`` appears on the current page.</doc>
<status status="PASS" start="2025-06-16T22:47:35.295742" elapsed="0.006947"/>
</kw>
<doc>This test case logs in with valid credentials and verifies the welcome message.</doc>
<status status="PASS" start="2025-06-16T22:47:34.518803" elapsed="0.784137"/>
</test>
<test id="s1-s2-t2" name="Login With Invalid Credentials" line="18">
<kw name="Wait Until Page Contains Element" owner="SeleniumLibrary">
<arg>id=loginSection</arg>
<doc>Waits until the element ``locator`` appears on the current page.</doc>
<status status="PASS" start="2025-06-16T22:47:35.303649" elapsed="0.006329"/>
</kw>
<kw name="Input Text" owner="SeleniumLibrary">
<msg time="2025-06-16T22:47:35.310352" level="INFO">Typing text 'invalid@example.com' into text field 'id=email'.</msg>
<arg>id=email</arg>
<arg>invalid@example.com</arg>
<doc>Types the given ``text`` into the text field identified by ``locator``.</doc>
<status status="PASS" start="2025-06-16T22:47:35.310166" elapsed="0.050664"/>
</kw>
<kw name="Input Text" owner="SeleniumLibrary">
<msg time="2025-06-16T22:47:35.361191" level="INFO">Typing text 'wrongpassword' into text field 'id=password'.</msg>
<arg>id=password</arg>
<arg>wrongpassword</arg>
<doc>Types the given ``text`` into the text field identified by ``locator``.</doc>
<status status="PASS" start="2025-06-16T22:47:35.361013" elapsed="0.036911"/>
</kw>
<kw name="Submit Form" owner="login_keywords">
<kw name="Click Button" owner="SeleniumLibrary">
<msg time="2025-06-16T22:47:35.398412" level="INFO">Clicking button 'id=submitLoginBtn'.</msg>
<arg>id=submitLoginBtn</arg>
<doc>Clicks the button identified by ``locator``.</doc>
<status status="PASS" start="2025-06-16T22:47:35.398309" elapsed="0.035163"/>
</kw>
<status status="PASS" start="2025-06-16T22:47:35.398119" elapsed="0.035425"/>
</kw>
<kw name="Page Should Contain" owner="SeleniumLibrary">
<msg time="2025-06-16T22:47:35.446657" level="INFO">Current page contains text 'Bad credentials! Please try again! Make sure that you've registered.'.</msg>
<arg>Bad credentials! Please try again! Make sure that you've registered.</arg>
<doc>Verifies that current page contains ``text``.</doc>
<status status="PASS" start="2025-06-16T22:47:35.433689" elapsed="0.013032"/>
</kw>
<doc>This test case attempts to log in with invalid credentials and verifies the error message.</doc>
<status status="PASS" start="2025-06-16T22:47:35.303188" elapsed="0.143678"/>
</test>
<test id="s1-s2-t3" name="Login With Empty Credentials" line="27">
<kw name="Wait Until Page Contains Element" owner="SeleniumLibrary">
<arg>id=loginSection</arg>
<doc>Waits until the element ``locator`` appears on the current page.</doc>
<status status="PASS" start="2025-06-16T22:47:35.447743" elapsed="0.003176"/>
</kw>
<kw name="Input Text" owner="SeleniumLibrary">
<msg time="2025-06-16T22:47:35.451350" level="INFO">Typing text '' into text field 'id=email'.</msg>
<arg>id=email</arg>
<arg>${EMPTY}</arg>
<doc>Types the given ``text`` into the text field identified by ``locator``.</doc>
<status status="PASS" start="2025-06-16T22:47:35.451053" elapsed="0.045028"/>
</kw>
<kw name="Input Text" owner="SeleniumLibrary">
<msg time="2025-06-16T22:47:35.496675" level="INFO">Typing text '' into text field 'id=password'.</msg>
<arg>id=password</arg>
<arg>${EMPTY}</arg>
<doc>Types the given ``text`` into the text field identified by ``locator``.</doc>
<status status="PASS" start="2025-06-16T22:47:35.496317" elapsed="0.039022"/>
</kw>
<kw name="Submit Form" owner="login_keywords">
<kw name="Click Button" owner="SeleniumLibrary">
<msg time="2025-06-16T22:47:35.535766" level="INFO">Clicking button 'id=submitLoginBtn'.</msg>
<arg>id=submitLoginBtn</arg>
<doc>Clicks the button identified by ``locator``.</doc>
<status status="PASS" start="2025-06-16T22:47:35.535666" elapsed="0.034776"/>
</kw>
<status status="PASS" start="2025-06-16T22:47:35.535523" elapsed="0.034981"/>
</kw>
<kw name="Page Should Contain" owner="SeleniumLibrary">
<msg time="2025-06-16T22:47:35.582665" level="INFO">Current page contains text 'Bad credentials! Please try again! Make sure that you've registered.'.</msg>
<arg>Bad credentials! Please try again! Make sure that you've registered.</arg>
<doc>Verifies that current page contains ``text``.</doc>
<status status="PASS" start="2025-06-16T22:47:35.570611" elapsed="0.012113"/>
</kw>
<doc>This test case attempts to log in with empty credentials and verifies the error message.</doc>
<status status="PASS" start="2025-06-16T22:47:35.447296" elapsed="0.135545"/>
</test>
<test id="s1-s2-t4" name="Login With Missing Password" line="35">
<kw name="Wait Until Page Contains Element" owner="SeleniumLibrary">
<arg>id=loginSection</arg>
<doc>Waits until the element ``locator`` appears on the current page.</doc>
<status status="PASS" start="2025-06-16T22:47:35.583158" elapsed="0.003052"/>
</kw>
<kw name="Input Text" owner="SeleniumLibrary">
<msg time="2025-06-16T22:47:35.586396" level="INFO">Typing text 'admin@admin.com' into text field 'id=email'.</msg>
<arg>id=email</arg>
<arg>${EMAIL}</arg>
<doc>Types the given ``text`` into the text field identified by ``locator``.</doc>
<status status="PASS" start="2025-06-16T22:47:35.586294" elapsed="0.033827"/>
</kw>
<kw name="Input Text" owner="SeleniumLibrary">
<msg time="2025-06-16T22:47:35.620543" level="INFO">Typing text '' into text field 'id=password'.</msg>
<arg>id=password</arg>
<arg>${EMPTY}</arg>
<doc>Types the given ``text`` into the text field identified by ``locator``.</doc>
<status status="PASS" start="2025-06-16T22:47:35.620260" elapsed="0.033274"/>
</kw>
<kw name="Submit Form" owner="login_keywords">
<kw name="Click Button" owner="SeleniumLibrary">
<msg time="2025-06-16T22:47:35.653932" level="INFO">Clicking button 'id=submitLoginBtn'.</msg>
<arg>id=submitLoginBtn</arg>
<doc>Clicks the button identified by ``locator``.</doc>
<status status="PASS" start="2025-06-16T22:47:35.653840" elapsed="0.038931"/>
</kw>
<status status="PASS" start="2025-06-16T22:47:35.653706" elapsed="0.039132"/>
</kw>
<kw name="Page Should Contain" owner="SeleniumLibrary">
<msg time="2025-06-16T22:47:35.698133" level="INFO">Current page contains text 'Bad credentials! Please try again! Make sure that you've registered.'.</msg>
<arg>Bad credentials! Please try again! Make sure that you've registered.</arg>
<doc>Verifies that current page contains ``text``.</doc>
<status status="PASS" start="2025-06-16T22:47:35.692952" elapsed="0.005240"/>
</kw>
<doc>This test case attempts to log in with a missing password and verifies the error message.</doc>
<status status="PASS" start="2025-06-16T22:47:35.582948" elapsed="0.115356"/>
</test>
<test id="s1-s2-t5" name="Login With Missing Email" line="43">
<kw name="Wait Until Page Contains Element" owner="SeleniumLibrary">
<arg>id=loginSection</arg>
<doc>Waits until the element ``locator`` appears on the current page.</doc>
<status status="PASS" start="2025-06-16T22:47:35.698667" elapsed="0.003048"/>
</kw>
<kw name="Input Text" owner="SeleniumLibrary">
<msg time="2025-06-16T22:47:35.702043" level="INFO">Typing text '' into text field 'id=email'.</msg>
<arg>id=email</arg>
<arg>${EMPTY}</arg>
<doc>Types the given ``text`` into the text field identified by ``locator``.</doc>
<status status="PASS" start="2025-06-16T22:47:35.701806" elapsed="0.032685"/>
</kw>
<kw name="Input Text" owner="SeleniumLibrary">
<msg time="2025-06-16T22:47:35.734778" level="INFO">Typing text 'admin123' into text field 'id=password'.</msg>
<arg>id=password</arg>
<arg>${PASSWORD}</arg>
<doc>Types the given ``text`` into the text field identified by ``locator``.</doc>
<status status="PASS" start="2025-06-16T22:47:35.734629" elapsed="0.035190"/>
</kw>
<kw name="Submit Form" owner="login_keywords">
<kw name="Click Button" owner="SeleniumLibrary">
<msg time="2025-06-16T22:47:35.770215" level="INFO">Clicking button 'id=submitLoginBtn'.</msg>
<arg>id=submitLoginBtn</arg>
<doc>Clicks the button identified by ``locator``.</doc>
<status status="PASS" start="2025-06-16T22:47:35.770123" elapsed="0.038684"/>
</kw>
<status status="PASS" start="2025-06-16T22:47:35.769989" elapsed="0.038880"/>
</kw>
<kw name="Page Should Contain" owner="SeleniumLibrary">
<msg time="2025-06-16T22:47:35.813632" level="INFO">Current page contains text 'Bad credentials! Please try again! Make sure that you've registered.'.</msg>
<arg>Bad credentials! Please try again! Make sure that you've registered.</arg>
<doc>Verifies that current page contains ``text``.</doc>
<status status="PASS" start="2025-06-16T22:47:35.808975" elapsed="0.004708"/>
</kw>
<doc>This test case attempts to log in with a missing email and verifies the error message.</doc>
<status status="PASS" start="2025-06-16T22:47:35.698406" elapsed="0.115382"/>
</test>
<test id="s1-s2-t6" name="Login With Invalid Email Format" line="51">
<kw name="Wait Until Page Contains Element" owner="SeleniumLibrary">
<arg>id=loginSection</arg>
<doc>Waits until the element ``locator`` appears on the current page.</doc>
<status status="PASS" start="2025-06-16T22:47:35.814147" elapsed="0.003636"/>
</kw>
<kw name="Input Text" owner="SeleniumLibrary">
<msg time="2025-06-16T22:47:35.818038" level="INFO">Typing text 'invalid-email-format' into text field 'id=email'.</msg>
<arg>id=email</arg>
<arg>invalid-email-format</arg>
<doc>Types the given ``text`` into the text field identified by ``locator``.</doc>
<status status="PASS" start="2025-06-16T22:47:35.817919" elapsed="0.034303"/>
</kw>
<kw name="Input Text" owner="SeleniumLibrary">
<msg time="2025-06-16T22:47:35.852518" level="INFO">Typing text 'admin123' into text field 'id=password'.</msg>
<arg>id=password</arg>
<arg>${PASSWORD}</arg>
<doc>Types the given ``text`` into the text field identified by ``locator``.</doc>
<status status="PASS" start="2025-06-16T22:47:35.852367" elapsed="0.046156"/>
</kw>
<kw name="Submit Form" owner="login_keywords">
<kw name="Click Button" owner="SeleniumLibrary">
<msg time="2025-06-16T22:47:35.898931" level="INFO">Clicking button 'id=submitLoginBtn'.</msg>
<arg>id=submitLoginBtn</arg>
<doc>Clicks the button identified by ``locator``.</doc>
<status status="PASS" start="2025-06-16T22:47:35.898831" elapsed="0.036342"/>
</kw>
<status status="PASS" start="2025-06-16T22:47:35.898695" elapsed="0.036551"/>
</kw>
<kw name="Page Should Contain" owner="SeleniumLibrary">
<msg time="2025-06-16T22:47:35.941754" level="INFO">Current page contains text 'Bad credentials! Please try again! Make sure that you've registered.'.</msg>
<arg>Bad credentials! Please try again! Make sure that you've registered.</arg>
<doc>Verifies that current page contains ``text``.</doc>
<status status="PASS" start="2025-06-16T22:47:35.935680" elapsed="0.006132"/>
</kw>
<doc>This test case attempts to log in with an invalid email format and verifies the error message.</doc>
<status status="PASS" start="2025-06-16T22:47:35.813891" elapsed="0.128034"/>
</test>
<test id="s1-s2-t7" name="Login With Short Password" line="59">
<kw name="Wait Until Page Contains Element" owner="SeleniumLibrary">
<arg>id=loginSection</arg>
<doc>Waits until the element ``locator`` appears on the current page.</doc>
<status status="PASS" start="2025-06-16T22:47:35.942316" elapsed="0.003768"/>
</kw>
<kw name="Input Text" owner="SeleniumLibrary">
<msg time="2025-06-16T22:47:35.946605" level="INFO">Typing text 'admin@admin.com' into text field 'id=email'.</msg>
<arg>id=email</arg>
<arg>${EMAIL}</arg>
<doc>Types the given ``text`` into the text field identified by ``locator``.</doc>
<status status="PASS" start="2025-06-16T22:47:35.946389" elapsed="0.058922"/>
</kw>
<kw name="Input Text" owner="SeleniumLibrary">
<msg time="2025-06-16T22:47:36.005610" level="INFO">Typing text 'short' into text field 'id=password'.</msg>
<arg>id=password</arg>
<arg>short</arg>
<doc>Types the given ``text`` into the text field identified by ``locator``.</doc>
<status status="PASS" start="2025-06-16T22:47:36.005473" elapsed="0.044659"/>
</kw>
<kw name="Submit Form" owner="login_keywords">
<kw name="Click Button" owner="SeleniumLibrary">
<msg time="2025-06-16T22:47:36.050583" level="INFO">Clicking button 'id=submitLoginBtn'.</msg>
<arg>id=submitLoginBtn</arg>
<doc>Clicks the button identified by ``locator``.</doc>
<status status="PASS" start="2025-06-16T22:47:36.050481" elapsed="0.037843"/>
</kw>
<status status="PASS" start="2025-06-16T22:47:36.050314" elapsed="0.038075"/>
</kw>
<kw name="Page Should Contain" owner="SeleniumLibrary">
<msg time="2025-06-16T22:47:36.092923" level="INFO">Current page contains text 'Bad credentials! Please try again! Make sure that you've registered.'.</msg>
<arg>Bad credentials! Please try again! Make sure that you've registered.</arg>
<doc>Verifies that current page contains ``text``.</doc>
<status status="PASS" start="2025-06-16T22:47:36.088498" elapsed="0.004473"/>
</kw>
<doc>This test case attempts to log in with a short password and verifies the error message.</doc>
<status status="PASS" start="2025-06-16T22:47:35.942028" elapsed="0.151045"/>
</test>
<test id="s1-s2-t8" name="Login With Long Password" line="67">
<kw name="Wait Until Page Contains Element" owner="SeleniumLibrary">
<arg>id=loginSection</arg>
<doc>Waits until the element ``locator`` appears on the current page.</doc>
<status status="PASS" start="2025-06-16T22:47:36.093450" elapsed="0.004724"/>
</kw>
<kw name="Input Text" owner="SeleniumLibrary">
<msg time="2025-06-16T22:47:36.098481" level="INFO">Typing text 'admin@admin.com' into text field 'id=email'.</msg>
<arg>id=email</arg>
<arg>${EMAIL}</arg>
<doc>Types the given ``text`` into the text field identified by ``locator``.</doc>
<status status="PASS" start="2025-06-16T22:47:36.098325" elapsed="0.043570"/>
</kw>
<kw name="Input Text" owner="SeleniumLibrary">
<msg time="2025-06-16T22:47:36.142161" level="INFO">Typing text 'thisisaverylongpasswordthatshouldnotbeaccepted' into text field 'id=password'.</msg>
<arg>id=password</arg>
<arg>thisisaverylongpasswordthatshouldnotbeaccepted</arg>
<doc>Types the given ``text`` into the text field identified by ``locator``.</doc>
<status status="PASS" start="2025-06-16T22:47:36.142038" elapsed="0.052169"/>
</kw>
<kw name="Submit Form" owner="login_keywords">
<kw name="Click Button" owner="SeleniumLibrary">
<msg time="2025-06-16T22:47:36.194607" level="INFO">Clicking button 'id=submitLoginBtn'.</msg>
<arg>id=submitLoginBtn</arg>
<doc>Clicks the button identified by ``locator``.</doc>
<status status="PASS" start="2025-06-16T22:47:36.194516" elapsed="0.037382"/>
</kw>
<status status="PASS" start="2025-06-16T22:47:36.194379" elapsed="0.037585"/>
</kw>
<kw name="Page Should Contain" owner="SeleniumLibrary">
<msg time="2025-06-16T22:47:36.236465" level="INFO">Current page contains text 'Bad credentials! Please try again! Make sure that you've registered.'.</msg>
<arg>Bad credentials! Please try again! Make sure that you've registered.</arg>
<doc>Verifies that current page contains ``text``.</doc>
<status status="PASS" start="2025-06-16T22:47:36.232074" elapsed="0.004434"/>
</kw>
<doc>This test case attempts to log in with a long password and verifies the error message.</doc>
<status status="PASS" start="2025-06-16T22:47:36.093174" elapsed="0.143432"/>
</test>
<test id="s1-s2-t9" name="Login With SQL Injection Attempt" line="75">
<kw name="Wait Until Page Contains Element" owner="SeleniumLibrary">
<arg>id=loginSection</arg>
<doc>Waits until the element ``locator`` appears on the current page.</doc>
<status status="PASS" start="2025-06-16T22:47:36.236907" elapsed="0.003418"/>
</kw>
<kw name="Input Text" owner="SeleniumLibrary">
<msg time="2025-06-16T22:47:36.240584" level="INFO">Typing text 'admin@admin.com' into text field 'id=email'.</msg>
<arg>id=email</arg>
<arg>${EMAIL}</arg>
<doc>Types the given ``text`` into the text field identified by ``locator``.</doc>
<status status="PASS" start="2025-06-16T22:47:36.240453" elapsed="0.042554"/>
</kw>
<kw name="Input Text" owner="SeleniumLibrary">
<msg time="2025-06-16T22:47:36.283268" level="INFO">Typing text '' OR '1'='1' into text field 'id=password'.</msg>
<arg>id=password</arg>
<arg>' OR '1'='1</arg>
<doc>Types the given ``text`` into the text field identified by ``locator``.</doc>
<status status="PASS" start="2025-06-16T22:47:36.283145" elapsed="0.041748"/>
</kw>
<kw name="Submit Form" owner="login_keywords">
<kw name="Click Button" owner="SeleniumLibrary">
<msg time="2025-06-16T22:47:36.325287" level="INFO">Clicking button 'id=submitLoginBtn'.</msg>
<arg>id=submitLoginBtn</arg>
<doc>Clicks the button identified by ``locator``.</doc>
<status status="PASS" start="2025-06-16T22:47:36.325196" elapsed="0.039626"/>
</kw>
<status status="PASS" start="2025-06-16T22:47:36.325058" elapsed="0.039827"/>
</kw>
<kw name="Page Should Contain" owner="SeleniumLibrary">
<msg time="2025-06-16T22:47:36.369286" level="INFO">Current page contains text 'Bad credentials! Please try again! Make sure that you've registered.'.</msg>
<arg>Bad credentials! Please try again! Make sure that you've registered.</arg>
<doc>Verifies that current page contains ``text``.</doc>
<status status="PASS" start="2025-06-16T22:47:36.364995" elapsed="0.004336"/>
</kw>
<doc>This test case attempts to log in with an SQL injection string and verifies the error message.</doc>
<status status="PASS" start="2025-06-16T22:47:36.236711" elapsed="0.132719"/>
</test>
<test id="s1-s2-t10" name="Login With XSS Attempt" line="83">
<kw name="Wait Until Page Contains Element" owner="SeleniumLibrary">
<arg>id=loginSection</arg>
<doc>Waits until the element ``locator`` appears on the current page.</doc>
<status status="PASS" start="2025-06-16T22:47:36.369725" elapsed="0.003250"/>
</kw>
<kw name="Input Text" owner="SeleniumLibrary">
<msg time="2025-06-16T22:47:36.373230" level="INFO">Typing text 'admin@admin.com' into text field 'id=email'.</msg>
<arg>id=email</arg>
<arg>${EMAIL}</arg>
<doc>Types the given ``text`` into the text field identified by ``locator``.</doc>
<status status="PASS" start="2025-06-16T22:47:36.373094" elapsed="0.043267"/>
</kw>
<kw name="Input Text" owner="SeleniumLibrary">
<msg time="2025-06-16T22:47:36.416618" level="INFO">Typing text '&lt;script&gt;alert('XSS')&lt;/script&gt;' into text field 'id=password'.</msg>
<arg>id=password</arg>
<arg>&lt;script&gt;alert('XSS')&lt;/script&gt;</arg>
<doc>Types the given ``text`` into the text field identified by ``locator``.</doc>
<status status="PASS" start="2025-06-16T22:47:36.416498" elapsed="0.043422"/>
</kw>
<kw name="Submit Form" owner="login_keywords">
<kw name="Click Button" owner="SeleniumLibrary">
<msg time="2025-06-16T22:47:36.460317" level="INFO">Clicking button 'id=submitLoginBtn'.</msg>
<arg>id=submitLoginBtn</arg>
<doc>Clicks the button identified by ``locator``.</doc>
<status status="PASS" start="2025-06-16T22:47:36.460228" elapsed="0.038043"/>
</kw>
<status status="PASS" start="2025-06-16T22:47:36.460095" elapsed="0.038240"/>
</kw>
<kw name="Page Should Contain" owner="SeleniumLibrary">
<msg time="2025-06-16T22:47:36.502871" level="INFO">Current page contains text 'Bad credentials! Please try again! Make sure that you've registered.'.</msg>
<arg>Bad credentials! Please try again! Make sure that you've registered.</arg>
<doc>Verifies that current page contains ``text``.</doc>
<status status="PASS" start="2025-06-16T22:47:36.498444" elapsed="0.004468"/>
</kw>
<doc>This test case attempts to log in with an XSS attack string and verifies the error message.</doc>
<status status="PASS" start="2025-06-16T22:47:36.369536" elapsed="0.133472"/>
</test>
<kw name="Close Browser" owner="SeleniumLibrary" type="TEARDOWN">
<doc>Closes the current browser.</doc>
<status status="PASS" start="2025-06-16T22:47:36.503274" elapsed="0.071987"/>
</kw>
<status status="PASS" start="2025-06-16T22:47:24.389901" elapsed="12.185470"/>
</suite>
<status status="FAIL" start="2025-06-16T22:47:04.491578" elapsed="32.084226"/>
</suite>
<statistics>
<total>
<stat pass="10" fail="1" skip="0">All Tests</stat>
</total>
<tag>
</tag>
<suite>
<stat name="Tests" id="s1" pass="10" fail="1" skip="0">Tests</stat>
<stat name="Checkout Test" id="s1-s1" pass="0" fail="1" skip="0">Tests.Checkout Test</stat>
<stat name="Login Test" id="s1-s2" pass="10" fail="0" skip="0">Tests.Login Test</stat>
</suite>
</statistics>
<errors>
</errors>
</robot>
